<?xml version="1.0" encoding="utf-8"?><testsuites name="pytest tests"><testsuite name="pytest" errors="0" failures="1" skipped="0" tests="11" time="43.640" timestamp="2026-04-19T17:09:26.997536+00:00" hostname="agent-env-044e1c36-b7f1-42f4-bd9a-3f6707234bc1"><testcase classname="backend.tests.test_relaunch_api" name="test_root_health" time="0.174" /><testcase classname="backend.tests.test_relaunch_api" name="test_resume_upload_txt" time="0.116" /><testcase classname="backend.tests.test_relaunch_api" name="test_resume_upload_unsupported" time="0.183" /><testcase classname="backend.tests.test_relaunch_api" name="test_resume_enhance" time="0.494"><failure message="AssertionError: Internal Server Error&#10;assert 500 == 200&#10; +  where 500 = &lt;Response [500]&gt;.status_code">backend/tests/test_relaunch_api.py:58: in test_resume_enhance
    assert r.status_code == 200, r.text
E   AssertionError: Internal Server Error
E   assert 500 == 200
E    +  where 500 = &lt;Response [500]&gt;.status_code</failure></testcase><testcase classname="backend.tests.test_relaunch_api" name="test_skills_analyze" time="11.864" /><testcase classname="backend.tests.test_relaunch_api" name="test_interview_questions_count" time="8.396" /><testcase classname="backend.tests.test_relaunch_api" name="test_interview_feedback" time="8.610" /><testcase classname="backend.tests.test_relaunch_api" name="test_story_generate" time="6.606" /><testcase classname="backend.tests.test_relaunch_api" name="test_chat_and_history" time="6.646" /><testcase classname="backend.tests.test_relaunch_api" name="test_progress_update_and_get" time="0.248" /><testcase classname="backend.tests.test_relaunch_api" name="test_progress_get_new_session" time="0.157" /></testsuite></testsuites>